<?xml version="1.0" encoding="UTF-8"?>
<!-- Generated by org.testng.reporters.JUnitReportReporter -->
<testsuite skipped="0" hostname="DESKTOP-4U73KN9" name="Runner.Article_SocialMeida_Verify_inHomePage" tests="1" failures="0" timestamp="2022-10-04T20:23:03 IST" time="168.951" errors="0">
  <testcase name="AT_App" time="168.951" classname="Runner.Article_SocialMeida_Verify_inHomePage"/>
  <system-out/>
</testsuite> <!-- Runner.Article_SocialMeida_Verify_inHomePage -->
